<?xml version="1.0" encoding="UTF-8"?>
<!-- Generated by org.testng.reporters.JUnitReportReporter -->
<testsuite skipped="0" hostname="Namana-L" name="DragDrop" tests="1" failures="0" timestamp="14 Nov 2017 07:57:03 GMT" time="5.023" errors="0">
  <testcase name="dragDrop" time="5.023" classname="DragDrop"/>
</testsuite> <!-- DragDrop -->
