<?xml version="1.0" encoding="UTF-8"?>
<!-- Generated by org.testng.reporters.JUnitReportReporter -->
<testsuite skipped="0" hostname="Namana-L" name="com.appium.test.Swipe" tests="1" failures="0" timestamp="14 Nov 2017 12:06:00 GMT" time="6.995" errors="0">
  <testcase name="swipingVertical" time="6.995" classname="com.appium.test.Swipe"/>
</testsuite> <!-- com.appium.test.Swipe -->
