<?xml version="1.0" encoding="UTF-8"?>
<!-- Generated by org.testng.reporters.JUnitReportReporter -->
<testsuite skipped="0" hostname="Namana-L" name="MyFirstTest" tests="1" failures="0" timestamp="14 Nov 2017 07:43:27 GMT" time="34.325" errors="0">
  <testcase name="SplashScreen" time="34.325" classname="MyFirstTest"/>
</testsuite> <!-- MyFirstTest -->
