<?xml version="1.0" encoding="UTF-8"?>
<!-- Generated by org.testng.reporters.JUnitReportReporter -->
<testsuite skipped="0" hostname="Namana-L" name="com.appium.test.levels" tests="2" failures="0" timestamp="15 Nov 2017 05:05:00 GMT" time="0.031" errors="0">
  <testcase name="test1" time="0.012" classname="com.appium.test.levels"/>
  <testcase name="test" time="0.019" classname="com.appium.test.levels"/>
</testsuite> <!-- com.appium.test.levels -->
