<?xml version="1.0" encoding="UTF-8"?>
<!-- Generated by org.testng.reporters.JUnitReportReporter -->
<testsuite skipped="0" hostname="Namana-L" name="com.appium.test.DragDrop" tests="1" failures="0" timestamp="14 Nov 2017 12:02:57 GMT" time="5.025" errors="0">
  <testcase name="dragDrop" time="5.025" classname="com.appium.test.DragDrop"/>
</testsuite> <!-- com.appium.test.DragDrop -->
